c:\users\jedrek\desktop\icytower1\icytower\debug\icytower.pch
c:\users\jedrek\desktop\icytower1\icytower\debug\vc141.pdb
c:\users\jedrek\desktop\icytower1\icytower\debug\vc141.idb
c:\users\jedrek\desktop\icytower1\icytower\debug\stdafx.obj
c:\users\jedrek\desktop\icytower1\icytower\debug\walls.obj
c:\users\jedrek\desktop\icytower1\icytower\debug\userinterface.obj
c:\users\jedrek\desktop\icytower1\icytower\debug\statusbar.obj
c:\users\jedrek\desktop\icytower1\icytower\debug\player.obj
c:\users\jedrek\desktop\icytower1\icytower\debug\platform.obj
c:\users\jedrek\desktop\icytower1\icytower\debug\menu.obj
c:\users\jedrek\desktop\icytower1\icytower\debug\icytower.obj
c:\users\jedrek\desktop\icytower1\icytower\debug\gameoverscreen.obj
c:\users\jedrek\desktop\icytower1\icytower\debug\game.obj
c:\users\jedrek\desktop\icytower1\icytower\debug\combotext.obj
c:\users\jedrek\desktop\icytower1\icytower\debug\background.obj
c:\users\jedrek\desktop\icytower1\icytower\debug\animation.obj
c:\users\jedrek\desktop\icytower1\debug\icytower.exe
c:\users\jedrek\desktop\icytower1\debug\icytower.ilk
c:\users\jedrek\desktop\icytower1\debug\icytower.pdb
c:\users\jedrek\desktop\icytower1\icytower\debug\icytower.tlog\cl.command.1.tlog
c:\users\jedrek\desktop\icytower1\icytower\debug\icytower.tlog\cl.read.1.tlog
c:\users\jedrek\desktop\icytower1\icytower\debug\icytower.tlog\cl.write.1.tlog
c:\users\jedrek\desktop\icytower1\icytower\debug\icytower.tlog\link.command.1.tlog
c:\users\jedrek\desktop\icytower1\icytower\debug\icytower.tlog\link.read.1.tlog
c:\users\jedrek\desktop\icytower1\icytower\debug\icytower.tlog\link.write.1.tlog
